{
  message: 'C:\\AmirProjects\\AmirWeb\\Shop_center\\server\\src\\db\\config\\.env',
  level: 'info',
  timestamp: '2020-04-19T15:04:04.950Z'
}
{
  message: 'Connected to mongodb://localhost:27017/amiros_shop in undefined enviroment',
  level: 'info',
  timestamp: '2020-04-19T15:04:06.116Z'
}
{
  level: 'info',
  message: 'App listens to 5000 PORT',
  timestamp: '2020-04-19T15:04:06.126Z'
}
{
  message: 'mongodb://localhost:27017/?readPreference=primary&appname=MongoDB%20Compass&ssl=false/amiros_shop_test',
  level: 'info',
  timestamp: '2020-05-26T20:24:10.855Z'
}
{
  message: 'Connected to mongodb://localhost:27017/?readPreference=primary&appname=MongoDB%20Compass&ssl=false/amiros_shop_test in test enviroment',
  level: 'info',
  timestamp: '2020-05-26T20:24:13.136Z'
}
